2025-05-18T00:10:40.365Z [ERROR]: Error al obtener usuarios: Error de DB
2025-05-18T00:11:31.787Z [ERROR]: Error al obtener usuarios: Error de DB
2025-05-18T00:59:03.860Z [ERROR]: Error al obtener usuarios: Error de DB
2025-05-18T00:59:40.884Z [ERROR]: Error al obtener usuarios: Error de DB
2025-05-18T01:00:15.241Z [ERROR]: Error al obtener usuarios: Error de DB
2025-05-18T01:00:42.236Z [ERROR]: Error al obtener usuarios: Error de DB
2025-05-18T01:01:53.878Z [ERROR]: Error al obtener usuarios: Error de DB
2025-05-18T01:02:59.326Z [ERROR]: Error al obtener usuarios: Error de DB
2025-05-18T01:42:23.185Z [ERROR]: Error al obtener usuarios: Error de DB
2025-05-18T01:47:29.892Z [ERROR]: Error al obtener usuarios: Error de DB
2025-05-18T01:47:30.334Z [ERROR]: Error al agregar usuarios: Usuario validation failed: nombreUsuario: Cast to Number failed for value "nicotest" (type string) at path "nombreUsuario", contrasena: Cast to Number failed for value "$2b$10$uB/PzfmMrcubFHZHn.7DWuS47QmqlFTiMvRO3qQ04ZWlAkomsKxB2" (type string) at path "contrasena", usuarioId: Path `usuarioId` is required., rol: `cliente` is not a valid enum value for path `rol`.
2025-05-18T01:47:30.481Z [ERROR]: Error al agregar usuarios: Usuario validation failed: nombreUsuario: Cast to Number failed for value "nicotest2" (type string) at path "nombreUsuario", contrasena: Cast to Number failed for value "$2b$10$iRgEU0QiNfRiX78P3zY3tOAMPmDGEphI2/Wwxo7ohe3i9R1EOOqw6" (type string) at path "contrasena", usuarioId: Path `usuarioId` is required., rol: `cliente` is not a valid enum value for path `rol`.
2025-05-18T01:50:40.696Z [ERROR]: Error al obtener usuarios: Error de DB
2025-05-18T01:50:40.800Z [ERROR]: Error al agregar usuarios: Usuario validation failed: usuarioId: Path `usuarioId` is required.
2025-05-18T01:50:40.939Z [ERROR]: Error al agregar usuarios: Usuario validation failed: usuarioId: Path `usuarioId` is required.
2025-05-18T01:52:19.941Z [ERROR]: Error al obtener usuarios: Error de DB
2025-05-18T01:53:38.352Z [ERROR]: Error al obtener usuarios: Error de DB
2025-05-18T01:54:25.652Z [ERROR]: Error al obtener usuarios: Error de DB
2025-05-18T02:18:09.024Z [ERROR]: Error al obtener usuarios: Error de DB
2025-05-18T02:22:42.926Z [ERROR]: Error al obtener usuarios: Error de DB
2025-05-18T02:37:18.122Z [ERROR]: Error al obtener usuarios: Error de DB
2025-05-18T02:43:13.754Z [ERROR]: Error al obtener usuarios: Error de DB
2025-05-18T02:43:14.209Z [ERROR]: Error al agregar usuarios: Cannot read properties of null (reading 'seq')
2025-05-18T02:44:12.779Z [ERROR]: Error al obtener usuarios: Error de DB
2025-05-18T02:44:54.081Z [ERROR]: Error al obtener usuarios: Error de DB
2025-05-18T02:48:04.811Z [ERROR]: Error al obtener usuarios: Error de DB
2025-05-18T15:01:38.209Z [ERROR]: Error al obtener usuarios: Error de DB
2025-05-18T15:05:30.226Z [ERROR]: Error al obtener usuarios: Error de DB
2025-05-18T15:12:32.591Z [ERROR]: Error al obtener usuarios: Error de DB
2025-05-18T15:16:49.368Z [ERROR]: Error al obtener usuarios: Error de DB
2025-05-18T15:19:06.722Z [ERROR]: Error al obtener usuarios: Error de DB
2025-05-18T15:19:44.018Z [ERROR]: Error al obtener usuarios: Error de DB
2025-05-18T15:20:12.863Z [ERROR]: Error al obtener usuarios: Error de DB
2025-05-18T15:21:46.696Z [ERROR]: Error al obtener usuarios: Error de DB
2025-05-18T15:23:25.028Z [ERROR]: Error al obtener usuarios: Error de DB
2025-05-18T15:24:23.542Z [ERROR]: Error al obtener usuarios: Error de DB
2025-05-18T15:25:00.910Z [ERROR]: Error al obtener usuarios: Error de DB
2025-05-18T15:25:19.879Z [ERROR]: Error al obtener usuarios: Error de DB
2025-05-18T15:27:00.009Z [ERROR]: Error al obtener usuarios: Error de DB
2025-05-18T15:41:07.149Z [ERROR]: Error al obtener usuarios: Error de DB
2025-05-18T18:12:53.763Z [ERROR]: Error al obtener usuarios: Error de DB
2025-05-18T18:15:46.497Z [ERROR]: Error al obtener usuarios: Error de DB
2025-05-18T18:16:59.071Z [ERROR]: Error al obtener usuarios: Error de DB
2025-05-18T19:13:43.749Z [ERROR]: Error al obtener usuarios: Error de DB
2025-05-18T19:20:58.501Z [ERROR]: Error al obtener usuarios: Error de DB
2025-05-18T19:26:47.771Z [ERROR]: Error al obtener usuarios: Error de DB
2025-05-18T19:30:50.123Z [ERROR]: Error al obtener usuarios: Error de DB
2025-05-18T19:56:09.488Z [ERROR]: Error al obtener usuarios: Error de DB
2025-05-18T19:58:43.569Z [ERROR]: Error al obtener usuarios: Error de DB
2025-05-18T20:05:16.488Z [ERROR]: Error al obtener usuarios: Error de DB
2025-05-18T20:07:39.022Z [ERROR]: Error al obtener usuarios: Error de DB
2025-05-18T20:09:15.415Z [ERROR]: Error al obtener usuarios: Error de DB
2025-05-18T20:14:49.191Z [ERROR]: Error al obtener usuarios: Error de DB
2025-05-18T20:18:48.661Z [ERROR]: Error al obtener usuarios: Error de DB
2025-05-18T20:19:17.234Z [ERROR]: Error al obtener usuarios: Error de DB
2025-05-18T20:22:05.087Z [ERROR]: Error al obtener usuarios: Error de DB
2025-05-18T20:26:49.210Z [ERROR]: Error al obtener usuarios: Error de DB
2025-05-18T20:54:25.860Z [ERROR]: Error al obtener usuarios: Error de DB
2025-05-18T22:03:48.614Z [ERROR]: Error al obtener usuarios: Error de DB
2025-05-18T22:19:46.478Z [ERROR]: Error al obtener usuarios: Error de DB
2025-05-18T22:31:46.201Z [ERROR]: Error al obtener usuarios: Error de DB
2025-05-18T22:34:27.953Z [ERROR]: Error al eliminar usuarios: Operation `usuarios.findOneAndDelete()` buffering timed out after 10000ms
2025-05-18T22:35:11.628Z [ERROR]: Error al eliminar usuarios: Operation `usuarios.findOneAndDelete()` buffering timed out after 10000ms
2025-05-18T22:37:04.864Z [ERROR]: Error al obtener usuarios: Error de DB
2025-05-18T22:40:54.618Z [ERROR]: Error al obtener usuarios: Error de DB
2025-05-18T23:35:30.905Z [ERROR]: Error al obtener usuarios: Error de DB
2025-05-18T23:40:02.413Z [ERROR]: Error al obtener usuarios: Error de DB
2025-05-18T23:41:18.341Z [ERROR]: Error al obtener usuarios: Error de DB
2025-05-19T00:06:35.584Z [ERROR]: Error al obtener usuarios: Error de DB
2025-05-19T00:09:04.267Z [ERROR]: Error al obtener usuarios: Error de DB
2025-05-19T00:12:53.638Z [ERROR]: Error al obtener usuarios: Error de DB
2025-05-19T00:19:28.694Z [ERROR]: Error al obtener usuarios: Error de DB
2025-05-19T00:20:50.683Z [ERROR]: Error al obtener usuarios: Error de DB
2025-05-19T00:26:39.127Z [ERROR]: Error al obtener usuarios: Error de DB
2025-05-19T00:36:35.803Z [ERROR]: Error al obtener usuarios: Error de DB
2025-05-19T00:41:14.191Z [ERROR]: Error al obtener usuarios: Error de DB
2025-05-19T00:41:55.733Z [ERROR]: Error al obtener usuarios: Error de DB
2025-05-19T00:44:20.193Z [ERROR]: Error al obtener usuarios: Error de DB
2025-05-19T01:11:08.796Z [ERROR]: Error al obtener usuarios: Error de DB
2025-05-19T03:36:46.465Z [ERROR]: Error al obtener usuarios: Error de DB
2025-05-19T03:56:59.227Z [ERROR]: Error al obtener usuarios: Error de DB
2025-05-19T20:33:25.474Z [ERROR]: Error al obtener usuarios: Error de DB
2025-05-19T20:33:52.178Z [ERROR]: Error al obtener usuarios: Error de DB
2025-05-20T16:25:49.518Z [ERROR]: Error al obtener usuarios: Error de DB
2025-05-20T17:07:40.438Z [ERROR]: Error al obtener usuarios: Error de DB
2025-05-20T17:48:14.986Z [ERROR]: Error al obtener usuarios: Error de DB
2025-05-20T17:54:49.299Z [ERROR]: Error al obtener usuarios: Error de DB
2025-05-20T17:58:49.812Z [ERROR]: Error al obtener usuarios: Error de DB
2025-05-20T17:59:38.881Z [ERROR]: Error al obtener usuarios: Error de DB
2025-05-20T18:05:33.645Z [ERROR]: Error al obtener usuarios: Error de DB
2025-05-20T18:07:58.523Z [ERROR]: Error al obtener usuarios: Error de DB
2025-05-20T18:12:29.192Z [ERROR]: Error al obtener usuarios: Error de DB
2025-05-20T18:17:08.572Z [ERROR]: Error al obtener usuarios: Error de DB
2025-05-20T18:18:30.700Z [ERROR]: Error al obtener usuarios: Error de DB
2025-05-20T18:31:26.966Z [ERROR]: Error al obtener usuarios: Error de DB
2025-05-20T19:46:22.679Z [ERROR]: Error al obtener usuarios: Error de DB
2025-05-20T20:11:17.980Z [ERROR]: Error al obtener usuarios: Error de DB
2025-05-20T20:19:28.190Z [ERROR]: Error al obtener usuarios: Error de DB
2025-05-20T20:52:24.983Z [ERROR]: Error al obtener usuarios: Error de DB
2025-05-20T20:53:47.640Z [ERROR]: Error al obtener usuarios: Error de DB
2025-05-20T21:26:41.468Z [ERROR]: Error al obtener usuarios: Error de DB
2025-05-20T21:27:11.755Z [ERROR]: Error al obtener usuarios: Error de DB
2025-05-21T19:16:42.443Z [ERROR]: Error al obtener usuarios: Error de DB
2025-05-21T19:32:19.565Z [ERROR]: Error al obtener usuarios: Error de DB
2025-05-21T22:31:34.285Z [ERROR]: Error al obtener usuarios: Error de DB
2025-05-21T22:36:44.331Z [ERROR]: Error al obtener usuarios: Error de DB
2025-05-21T22:37:25.458Z [ERROR]: Error al obtener usuarios: Error de DB
2025-05-21T22:37:45.888Z [ERROR]: Error al obtener usuarios: Error de DB
2025-05-21T22:38:56.685Z [ERROR]: Error al obtener usuarios: Error de DB
2025-05-21T22:41:02.366Z [ERROR]: Error al obtener usuarios: Error de DB
2025-05-21T22:42:55.630Z [ERROR]: Error al obtener usuarios: Error de DB
2025-05-21T22:47:09.239Z [ERROR]: Error al obtener usuarios: Error de DB
2025-05-21T22:48:05.173Z [ERROR]: Error al obtener usuarios: Error de DB
2025-05-21T22:48:44.009Z [ERROR]: Error al obtener usuarios: Error de DB
2025-05-21T22:51:37.412Z [ERROR]: Error al obtener usuarios: Error de DB
2025-05-21T23:18:55.536Z [ERROR]: Error al obtener usuarios: Error de DB
2025-05-21T23:24:18.769Z [ERROR]: Error al obtener usuarios: Error de DB
2025-05-21T23:53:23.101Z [ERROR]: Error al obtener usuarios: Error de DB
2025-05-21T23:55:43.305Z [ERROR]: Error al obtener usuarios: Error de DB
2025-05-21T23:57:41.288Z [ERROR]: Error al obtener usuarios: Error de DB
2025-05-22T00:07:55.466Z [ERROR]: Error al obtener usuarios: Error de DB
2025-05-22T00:11:52.356Z [ERROR]: Error al obtener usuarios: Error de DB
2025-05-22T00:13:28.410Z [ERROR]: Error al obtener usuarios: Error de DB
2025-05-22T00:48:16.290Z [ERROR]: Error al obtener usuarios: Error de DB
2025-05-22T00:50:54.565Z [ERROR]: Error al obtener usuarios: Error de DB
2025-05-22T00:52:26.824Z [ERROR]: Error al obtener usuarios: Error de DB
2025-05-22T00:54:24.340Z [ERROR]: Error al obtener usuarios: Error de DB
2025-05-22T00:58:37.667Z [ERROR]: Error al obtener usuarios: Error de DB
2025-05-22T01:01:28.027Z [ERROR]: Error al obtener usuarios: Error de DB
2025-05-22T01:01:52.177Z [ERROR]: Error al obtener usuarios: Error de DB
2025-05-22T01:04:25.905Z [ERROR]: Error al obtener usuarios: Error de DB
2025-05-22T01:21:41.366Z [ERROR]: Error al obtener usuarios: Error de DB
2025-05-22T01:23:19.140Z [ERROR]: Error al obtener usuarios: Error de DB
2025-05-22T01:24:55.814Z [ERROR]: Error al obtener usuarios: Error de DB
2025-05-22T01:25:16.031Z [ERROR]: Error al obtener usuarios: Error de DB
2025-05-22T01:27:01.736Z [ERROR]: Error al obtener usuarios: Error de DB
2025-05-22T01:28:00.888Z [ERROR]: Error al obtener usuarios: Error de DB
2025-05-22T01:29:48.567Z [ERROR]: Error al obtener usuarios: Error de DB
2025-05-22T03:28:14.712Z [ERROR]: Error al obtener usuarios: Error de DB
2025-05-22T03:31:40.841Z [ERROR]: Error al obtener usuarios: Error de DB
2025-05-22T03:32:42.259Z [ERROR]: Error al obtener usuarios: Error de DB
2025-05-22T03:33:51.004Z [ERROR]: Error al obtener usuarios: Error de DB
2025-05-22T03:35:52.020Z [ERROR]: Error al obtener usuarios: Error de DB
2025-05-22T03:44:38.175Z [ERROR]: Error al obtener usuarios: Error de DB
2025-05-22T03:49:44.274Z [ERROR]: Error al obtener usuarios: Error de DB
2025-05-22T03:50:17.984Z [ERROR]: Error al obtener usuarios: Error de DB
2025-05-22T03:53:17.479Z [ERROR]: Error al obtener usuarios: Error de DB
2025-05-22T03:58:18.213Z [ERROR]: Error al obtener usuarios: Error de DB
2025-05-22T04:00:58.774Z [ERROR]: Error al obtener usuarios: Error de DB
2025-05-22T04:06:56.574Z [ERROR]: Error al obtener usuarios: Error de DB
2025-05-22T04:08:05.295Z [ERROR]: Error al obtener usuarios: Error de DB
2025-05-22T04:09:29.478Z [ERROR]: Error al obtener usuarios: Error de DB
2025-05-22T04:12:20.779Z [ERROR]: Error al obtener usuarios: Error de DB
2025-05-22T04:13:17.983Z [ERROR]: Error al obtener usuarios: Error de DB
2025-05-22T04:18:23.441Z [ERROR]: Error al obtener usuarios: Error de DB
2025-05-22T04:19:01.342Z [ERROR]: Error al obtener usuarios: Error de DB
2025-05-22T04:24:47.719Z [ERROR]: Error al obtener usuarios: Error de DB
2025-05-22T05:02:41.611Z [ERROR]: Error al obtener usuarios: Error de DB
2025-05-22T05:03:26.038Z [ERROR]: Error al obtener usuarios: Error de DB
