2025-05-18T00:10:40.365Z [ERROR]: Error al obtener usuarios: Error de DB
2025-05-18T00:11:31.787Z [ERROR]: Error al obtener usuarios: Error de DB
2025-05-18T00:59:03.860Z [ERROR]: Error al obtener usuarios: Error de DB
2025-05-18T00:59:40.884Z [ERROR]: Error al obtener usuarios: Error de DB
2025-05-18T01:00:15.241Z [ERROR]: Error al obtener usuarios: Error de DB
2025-05-18T01:00:42.236Z [ERROR]: Error al obtener usuarios: Error de DB
2025-05-18T01:01:53.878Z [ERROR]: Error al obtener usuarios: Error de DB
2025-05-18T01:02:59.326Z [ERROR]: Error al obtener usuarios: Error de DB
2025-05-18T01:42:23.185Z [ERROR]: Error al obtener usuarios: Error de DB
2025-05-18T01:47:29.892Z [ERROR]: Error al obtener usuarios: Error de DB
2025-05-18T01:47:30.334Z [ERROR]: Error al agregar usuarios: Usuario validation failed: nombreUsuario: Cast to Number failed for value "nicotest" (type string) at path "nombreUsuario", contrasena: Cast to Number failed for value "$2b$10$uB/PzfmMrcubFHZHn.7DWuS47QmqlFTiMvRO3qQ04ZWlAkomsKxB2" (type string) at path "contrasena", usuarioId: Path `usuarioId` is required., rol: `cliente` is not a valid enum value for path `rol`.
2025-05-18T01:47:30.481Z [ERROR]: Error al agregar usuarios: Usuario validation failed: nombreUsuario: Cast to Number failed for value "nicotest2" (type string) at path "nombreUsuario", contrasena: Cast to Number failed for value "$2b$10$iRgEU0QiNfRiX78P3zY3tOAMPmDGEphI2/Wwxo7ohe3i9R1EOOqw6" (type string) at path "contrasena", usuarioId: Path `usuarioId` is required., rol: `cliente` is not a valid enum value for path `rol`.
2025-05-18T01:50:40.696Z [ERROR]: Error al obtener usuarios: Error de DB
2025-05-18T01:50:40.800Z [ERROR]: Error al agregar usuarios: Usuario validation failed: usuarioId: Path `usuarioId` is required.
2025-05-18T01:50:40.939Z [ERROR]: Error al agregar usuarios: Usuario validation failed: usuarioId: Path `usuarioId` is required.
2025-05-18T01:52:19.941Z [ERROR]: Error al obtener usuarios: Error de DB
2025-05-18T01:53:38.352Z [ERROR]: Error al obtener usuarios: Error de DB
2025-05-18T01:54:25.652Z [ERROR]: Error al obtener usuarios: Error de DB
2025-05-18T02:18:09.024Z [ERROR]: Error al obtener usuarios: Error de DB
2025-05-18T02:22:42.926Z [ERROR]: Error al obtener usuarios: Error de DB
2025-05-18T02:37:18.122Z [ERROR]: Error al obtener usuarios: Error de DB
2025-05-18T02:43:13.754Z [ERROR]: Error al obtener usuarios: Error de DB
2025-05-18T02:43:14.209Z [ERROR]: Error al agregar usuarios: Cannot read properties of null (reading 'seq')
2025-05-18T02:44:12.779Z [ERROR]: Error al obtener usuarios: Error de DB
2025-05-18T02:44:54.081Z [ERROR]: Error al obtener usuarios: Error de DB
2025-05-18T02:48:04.811Z [ERROR]: Error al obtener usuarios: Error de DB
2025-05-18T15:01:38.209Z [ERROR]: Error al obtener usuarios: Error de DB
2025-05-18T15:05:30.226Z [ERROR]: Error al obtener usuarios: Error de DB
2025-05-18T15:12:32.591Z [ERROR]: Error al obtener usuarios: Error de DB
2025-05-18T15:16:49.368Z [ERROR]: Error al obtener usuarios: Error de DB
2025-05-18T15:19:06.722Z [ERROR]: Error al obtener usuarios: Error de DB
2025-05-18T15:19:44.018Z [ERROR]: Error al obtener usuarios: Error de DB
2025-05-18T15:20:12.863Z [ERROR]: Error al obtener usuarios: Error de DB
2025-05-18T15:21:46.696Z [ERROR]: Error al obtener usuarios: Error de DB
2025-05-18T15:23:25.028Z [ERROR]: Error al obtener usuarios: Error de DB
2025-05-18T15:24:23.542Z [ERROR]: Error al obtener usuarios: Error de DB
2025-05-18T15:25:00.910Z [ERROR]: Error al obtener usuarios: Error de DB
2025-05-18T15:25:19.879Z [ERROR]: Error al obtener usuarios: Error de DB
2025-05-18T15:27:00.009Z [ERROR]: Error al obtener usuarios: Error de DB
2025-05-18T15:41:07.149Z [ERROR]: Error al obtener usuarios: Error de DB
2025-05-18T18:12:53.763Z [ERROR]: Error al obtener usuarios: Error de DB
2025-05-18T18:15:46.497Z [ERROR]: Error al obtener usuarios: Error de DB
2025-05-18T18:16:59.071Z [ERROR]: Error al obtener usuarios: Error de DB
2025-05-18T19:13:43.749Z [ERROR]: Error al obtener usuarios: Error de DB
2025-05-18T19:20:58.501Z [ERROR]: Error al obtener usuarios: Error de DB
2025-05-18T19:26:47.771Z [ERROR]: Error al obtener usuarios: Error de DB
2025-05-18T19:30:50.123Z [ERROR]: Error al obtener usuarios: Error de DB
2025-05-18T19:56:09.488Z [ERROR]: Error al obtener usuarios: Error de DB
2025-05-18T19:58:43.569Z [ERROR]: Error al obtener usuarios: Error de DB
2025-05-18T20:05:16.488Z [ERROR]: Error al obtener usuarios: Error de DB
2025-05-18T20:07:39.022Z [ERROR]: Error al obtener usuarios: Error de DB
2025-05-18T20:09:15.415Z [ERROR]: Error al obtener usuarios: Error de DB
2025-05-18T20:14:49.191Z [ERROR]: Error al obtener usuarios: Error de DB
2025-05-18T20:18:48.661Z [ERROR]: Error al obtener usuarios: Error de DB
2025-05-18T20:19:17.234Z [ERROR]: Error al obtener usuarios: Error de DB
2025-05-18T20:22:05.087Z [ERROR]: Error al obtener usuarios: Error de DB
2025-05-18T20:26:49.210Z [ERROR]: Error al obtener usuarios: Error de DB
2025-05-18T20:54:25.860Z [ERROR]: Error al obtener usuarios: Error de DB
2025-05-18T22:03:48.614Z [ERROR]: Error al obtener usuarios: Error de DB
2025-05-18T22:19:46.478Z [ERROR]: Error al obtener usuarios: Error de DB
2025-05-18T22:31:46.201Z [ERROR]: Error al obtener usuarios: Error de DB
2025-05-18T22:34:27.953Z [ERROR]: Error al eliminar usuarios: Operation `usuarios.findOneAndDelete()` buffering timed out after 10000ms
2025-05-18T22:35:11.628Z [ERROR]: Error al eliminar usuarios: Operation `usuarios.findOneAndDelete()` buffering timed out after 10000ms
2025-05-18T22:37:04.864Z [ERROR]: Error al obtener usuarios: Error de DB
2025-05-18T22:40:54.618Z [ERROR]: Error al obtener usuarios: Error de DB
2025-05-18T23:35:30.905Z [ERROR]: Error al obtener usuarios: Error de DB
2025-05-18T23:40:02.413Z [ERROR]: Error al obtener usuarios: Error de DB
2025-05-18T23:41:18.341Z [ERROR]: Error al obtener usuarios: Error de DB
2025-05-19T00:06:35.584Z [ERROR]: Error al obtener usuarios: Error de DB
2025-05-19T00:09:04.267Z [ERROR]: Error al obtener usuarios: Error de DB
2025-05-19T00:12:53.638Z [ERROR]: Error al obtener usuarios: Error de DB
2025-05-19T00:19:28.694Z [ERROR]: Error al obtener usuarios: Error de DB
2025-05-19T00:20:50.683Z [ERROR]: Error al obtener usuarios: Error de DB
2025-05-19T00:26:39.127Z [ERROR]: Error al obtener usuarios: Error de DB
2025-05-19T00:36:35.803Z [ERROR]: Error al obtener usuarios: Error de DB
2025-05-19T00:41:14.191Z [ERROR]: Error al obtener usuarios: Error de DB
2025-05-19T00:41:55.733Z [ERROR]: Error al obtener usuarios: Error de DB
2025-05-19T00:44:20.193Z [ERROR]: Error al obtener usuarios: Error de DB
2025-05-19T01:11:08.796Z [ERROR]: Error al obtener usuarios: Error de DB
2025-05-19T07:44:41.879Z [ERROR]: Error al obtener usuarios: Error de DB
2025-05-19T07:45:22.768Z [ERROR]: Error al obtener usuarios: Error de DB
2025-05-19T07:45:58.479Z [ERROR]: Error al obtener usuarios: Error de DB
2025-05-19T07:46:35.849Z [ERROR]: Error al obtener usuarios: Error de DB
2025-05-19T07:51:14.743Z [ERROR]: Error al obtener usuarios: Error de DB
2025-05-19T07:51:59.624Z [ERROR]: Error al obtener usuarios: Error de DB
2025-05-19T07:59:46.102Z [ERROR]: Error al obtener usuarios: Error de DB
2025-05-19T08:25:52.965Z [ERROR]: Error al obtener usuarios: Error de DB
2025-05-19T19:49:42.064Z [ERROR]: Error al obtener usuarios: Error de DB
2025-05-19T19:55:48.548Z [ERROR]: Error al obtener usuarios: Error de DB
2025-05-19T20:07:16.118Z [ERROR]: Error al obtener usuarios: Error de DB
2025-05-19T20:12:01.490Z [ERROR]: Error al obtener usuarios: Error de DB
2025-05-19T20:28:00.410Z [ERROR]: Error al obtener usuarios: Error de DB
2025-05-19T20:46:47.993Z [ERROR]: Error al obtener usuarios: Error de DB
2025-05-19T20:49:25.193Z [ERROR]: Error al obtener usuarios: Error de DB
2025-05-19T20:50:48.799Z [ERROR]: Error al obtener usuarios: Error de DB
2025-05-19T20:52:33.052Z [ERROR]: Error al obtener usuarios: Error de DB
2025-05-19T20:54:59.283Z [ERROR]: Error al obtener usuarios: Error de DB
2025-05-19T20:58:39.924Z [ERROR]: Error al obtener usuarios: Error de DB
2025-05-19T21:00:14.978Z [ERROR]: Error al obtener usuarios: Error de DB
2025-05-19T21:01:04.405Z [ERROR]: Error al obtener usuarios: Error de DB
2025-05-20T02:17:07.111Z [ERROR]: Error al obtener usuarios: Error de DB
2025-05-20T02:29:46.465Z [ERROR]: Error al obtener usuarios: Error de DB
2025-05-20T02:31:33.313Z [ERROR]: Error al obtener usuarios: Error de DB
2025-05-20T02:38:23.518Z [ERROR]: Error al obtener usuarios: Error de DB
2025-05-20T02:39:29.065Z [ERROR]: Error al obtener usuarios: Error de DB
2025-05-20T02:49:34.257Z [ERROR]: Error al obtener usuarios: Error de DB
2025-05-20T02:52:48.338Z [ERROR]: Error al obtener usuarios: Error de DB
2025-05-20T02:57:53.547Z [ERROR]: Error al obtener usuarios: Error de DB
2025-05-20T03:10:20.898Z [ERROR]: Error al obtener usuarios: Error de DB
2025-05-20T03:12:22.922Z [ERROR]: Error al obtener usuarios: Error de DB
2025-05-20T03:14:09.317Z [ERROR]: Error al obtener usuarios: Error de DB
2025-05-20T03:16:58.395Z [ERROR]: Error al obtener usuarios: Error de DB
2025-05-20T03:20:42.350Z [ERROR]: Error al obtener usuarios: Error de DB
2025-05-20T03:25:33.455Z [ERROR]: Error al obtener usuarios: Error de DB
2025-05-20T03:27:14.983Z [ERROR]: Error al obtener usuarios: Error de DB
2025-05-20T03:29:24.419Z [ERROR]: Error al obtener usuarios: Error de DB
2025-05-20T03:30:13.798Z [ERROR]: Error al obtener usuarios: Error de DB
2025-05-20T03:34:16.293Z [ERROR]: Error al obtener usuarios: Error de DB
2025-05-20T07:36:18.232Z [ERROR]: Error al crear reacción: Reaccion is not a constructor
2025-05-20T07:36:18.266Z [ERROR]: Error al crear reacción: Reaccion is not a constructor
2025-05-20T07:36:25.537Z [ERROR]: Error al obtener usuarios: Error de DB
2025-05-20T07:39:05.560Z [ERROR]: Error al crear reacción: Reaccion validation failed: reaccionId: Path `reaccionId` is required., usuarioId: Path `usuarioId` is required.
2025-05-20T07:39:12.566Z [ERROR]: Error al obtener usuarios: Error de DB
2025-05-20T07:41:43.643Z [ERROR]: Error al crear reacción: Reaccion validation failed: reaccionId: Path `reaccionId` is required., usuarioId: Path `usuarioId` is required.
2025-05-20T07:41:50.386Z [ERROR]: Error al obtener usuarios: Error de DB
2025-05-20T07:43:31.919Z [ERROR]: Error al crear reacción: Reaccion validation failed: reaccionId: Path `reaccionId` is required., usuarioId: Path `usuarioId` is required.
2025-05-20T07:43:35.646Z [ERROR]: Error al obtener usuarios: Error de DB
2025-05-20T07:45:35.595Z [ERROR]: Error al obtener usuarios: Error de DB
2025-05-20T07:45:37.873Z [ERROR]: Error al crear reacción: Reaccion validation failed: reaccionId: Path `reaccionId` is required., usuarioId: Path `usuarioId` is required.
2025-05-20T09:06:50.668Z [ERROR]: Error al obtener usuarios: Error de DB
2025-05-20T09:07:21.614Z [ERROR]: Error al obtener usuarios: Error de DB
2025-05-20T09:07:29.442Z [ERROR]: Error al crear reacción: Reaccion validation failed: reaccionId: Path `reaccionId` is required., usuarioId: Path `usuarioId` is required.
2025-05-20T09:16:41.872Z [ERROR]: Error al obtener usuarios: Error de DB
2025-05-20T09:16:49.124Z [ERROR]: Error al crear reacción: emitirReaccion is not a function
2025-05-20T09:16:49.139Z [ERROR]: Error al crear reacción: Reaccion validation failed: reaccionId: Path `reaccionId` is required., usuarioId: Path `usuarioId` is required.
2025-05-20T09:17:24.190Z [ERROR]: Error al crear reacción: Reaccion validation failed: reaccionId: Path `reaccionId` is required., usuarioId: Path `usuarioId` is required.
2025-05-20T09:17:33.584Z [ERROR]: Error al obtener usuarios: Error de DB
2025-05-20T09:18:25.125Z [ERROR]: Error al crear reacción: Reaccion validation failed: reaccionId: Path `reaccionId` is required., usuarioId: Path `usuarioId` is required.
2025-05-20T09:18:33.060Z [ERROR]: Error al obtener usuarios: Error de DB
2025-05-20T09:21:28.976Z [ERROR]: Error al crear reacción: Reaccion validation failed: reaccionId: Path `reaccionId` is required., usuarioId: Path `usuarioId` is required.
2025-05-20T09:21:38.100Z [ERROR]: Error al obtener usuarios: Error de DB
2025-05-20T09:23:18.440Z [ERROR]: Error al crear reacción: Reaccion validation failed: reaccionId: Path `reaccionId` is required., usuarioId: Path `usuarioId` is required.
2025-05-20T09:23:24.115Z [ERROR]: Error al obtener usuarios: Error de DB
2025-05-20T09:29:42.676Z [ERROR]: Error al crear reacción: Reaccion validation failed: reaccionId: Path `reaccionId` is required., usuarioId: Path `usuarioId` is required.
2025-05-20T09:29:43.579Z [ERROR]: Error al obtener usuarios: Error de DB
2025-05-20T09:31:49.056Z [ERROR]: Error al obtener usuarios: Error de DB
2025-05-20T09:31:49.532Z [ERROR]: Error al crear reacción: Reaccion validation failed: reaccionId: Path `reaccionId` is required., usuarioId: Path `usuarioId` is required.
2025-05-20T09:33:21.745Z [ERROR]: Error al obtener usuarios: Error de DB
2025-05-20T09:33:23.740Z [ERROR]: Error al crear reacción: Reaccion validation failed: reaccionId: Path `reaccionId` is required., usuarioId: Path `usuarioId` is required.
2025-05-20T16:30:40.999Z [ERROR]: Error al crear reacción: Reaccion validation failed: reaccionId: Path `reaccionId` is required., usuarioId: Path `usuarioId` is required.
2025-05-20T16:30:43.916Z [ERROR]: Error al obtener usuarios: Error de DB
2025-05-20T16:40:25.823Z [ERROR]: Error al crear comentario: Comentario validation failed: texto: Path `texto` is required.
2025-05-20T16:40:36.463Z [ERROR]: Error al crear reacción: Reaccion validation failed: reaccionId: Path `reaccionId` is required., usuarioId: Path `usuarioId` is required.
2025-05-20T16:40:40.133Z [ERROR]: Error al obtener usuarios: Error de DB
2025-05-20T16:42:28.406Z [ERROR]: Error al crear comentario: Comentario validation failed: texto: Path `texto` is required.
2025-05-20T16:42:41.814Z [ERROR]: Error al crear reacción: Reaccion validation failed: reaccionId: Path `reaccionId` is required., usuarioId: Path `usuarioId` is required.
2025-05-20T16:42:42.421Z [ERROR]: Error al obtener usuarios: Error de DB
2025-05-20T16:53:39.912Z [ERROR]: Error al crear comentario: Comentario validation failed: texto: Path `texto` is required.
2025-05-20T16:53:44.215Z [ERROR]: Error al obtener usuarios: Error de DB
2025-05-20T16:53:45.452Z [ERROR]: Error al crear reacción: Reaccion validation failed: reaccionId: Path `reaccionId` is required., usuarioId: Path `usuarioId` is required.
2025-05-20T16:58:42.717Z [ERROR]: Error al crear comentario: Comentario validation failed: texto: Path `texto` is required.
2025-05-20T16:58:42.739Z [ERROR]: Error al obtener comentarios: Fallo simulado
2025-05-20T16:58:49.776Z [ERROR]: Error al obtener usuarios: Error de DB
2025-05-20T16:58:50.838Z [ERROR]: Error al crear reacción: Reaccion validation failed: reaccionId: Path `reaccionId` is required., usuarioId: Path `usuarioId` is required.
2025-05-20T17:15:08.131Z [ERROR]: Error al crear comentario: Comentario validation failed: texto: Path `texto` is required.
2025-05-20T17:15:08.148Z [ERROR]: Error al obtener comentarios: Fallo simulado
2025-05-20T17:15:10.956Z [ERROR]: Error al actualizar comentario: Error simulado al actualizar
2025-05-20T17:15:15.404Z [ERROR]: Error al eliminar comentario: Error simulado al eliminar
2025-05-20T17:15:17.594Z [ERROR]: Error al obtener usuarios: Error de DB
2025-05-20T17:15:18.204Z [ERROR]: Error al crear reacción: Reaccion validation failed: reaccionId: Path `reaccionId` is required., usuarioId: Path `usuarioId` is required.
2025-05-20T17:17:16.697Z [ERROR]: Error al actualizar comentario: Error simulado al actualizar
2025-05-20T17:17:17.482Z [ERROR]: Error al crear comentario: Comentario validation failed: texto: Path `texto` is required.
2025-05-20T17:17:17.490Z [ERROR]: Error al obtener comentarios: Fallo simulado
2025-05-20T17:17:23.063Z [ERROR]: Error al eliminar comentario: Error simulado al eliminar
2025-05-20T17:17:25.251Z [ERROR]: Error al crear reacción: Reaccion validation failed: reaccionId: Path `reaccionId` is required., usuarioId: Path `usuarioId` is required.
2025-05-20T17:17:25.719Z [ERROR]: Error al obtener usuarios: Error de DB
2025-05-20T17:22:12.733Z [ERROR]: Error al actualizar comentario: Error simulado al actualizar
2025-05-20T17:22:15.007Z [ERROR]: Error al eliminar comentario: Error simulado al eliminar
2025-05-20T17:22:16.293Z [ERROR]: Error al crear comentario: Comentario validation failed: texto: Path `texto` is required.
2025-05-20T17:22:16.301Z [ERROR]: Error al obtener comentarios: Fallo simulado
2025-05-20T17:22:19.644Z [ERROR]: Error al crear reacción: Reaccion validation failed: reaccionId: Path `reaccionId` is required., usuarioId: Path `usuarioId` is required.
2025-05-20T17:22:22.393Z [ERROR]: Error al obtener usuarios: Error de DB
2025-05-20T17:25:29.034Z [ERROR]: Error al actualizar comentario: Error simulado al actualizar
2025-05-20T17:25:32.668Z [ERROR]: Error al eliminar comentario: Error simulado al eliminar
2025-05-20T17:25:33.106Z [ERROR]: Error al obtener usuarios: Error de DB
2025-05-20T17:25:34.109Z [ERROR]: Error al crear reacción: Reaccion validation failed: reaccionId: Path `reaccionId` is required., usuarioId: Path `usuarioId` is required.
2025-05-20T17:25:35.229Z [ERROR]: Error al obtener recursos por usuario: Error simulado
2025-05-20T17:25:35.727Z [ERROR]: Error al crear comentario: Comentario validation failed: texto: Path `texto` is required.
2025-05-20T17:25:35.732Z [ERROR]: Error al obtener comentarios: Fallo simulado
2025-05-20T17:27:23.139Z [ERROR]: Error al obtener recursos por usuario: Error simulado
2025-05-20T17:27:25.917Z [ERROR]: Error al actualizar comentario: Error simulado al actualizar
2025-05-20T17:27:27.309Z [ERROR]: Error al eliminar comentario: Error simulado al eliminar
2025-05-20T17:27:28.753Z [ERROR]: Error al crear comentario: Comentario validation failed: texto: Path `texto` is required.
2025-05-20T17:27:28.759Z [ERROR]: Error al obtener comentarios: Fallo simulado
2025-05-20T17:27:33.431Z [ERROR]: Error al crear reacción: Reaccion validation failed: reaccionId: Path `reaccionId` is required., usuarioId: Path `usuarioId` is required.
2025-05-20T17:27:34.584Z [ERROR]: Error al obtener usuarios: Error de DB
2025-05-20T17:36:41.027Z [ERROR]: Error al obtener recursos por usuario: Error simulado
2025-05-20T17:36:45.656Z [ERROR]: Error al actualizar comentario: Error simulado al actualizar
2025-05-20T17:36:46.425Z [ERROR]: Error al crear comentario: Comentario validation failed: texto: Path `texto` is required.
2025-05-20T17:36:46.431Z [ERROR]: Error al obtener comentarios: Fallo simulado
2025-05-20T17:36:47.545Z [ERROR]: Error al eliminar comentario: Error simulado al eliminar
2025-05-20T17:36:48.538Z [ERROR]: Error al obtener usuarios: Error de DB
2025-05-20T17:36:51.401Z [ERROR]: Error al crear reacción: Reaccion validation failed: reaccionId: Path `reaccionId` is required., usuarioId: Path `usuarioId` is required.
2025-05-20T17:37:33.026Z [ERROR]: Error al crear reacción: Reaccion validation failed: reaccionId: Path `reaccionId` is required., usuarioId: Path `usuarioId` is required.
2025-05-20T17:37:39.434Z [ERROR]: Error al obtener recursos por usuario: Error simulado
2025-05-20T17:37:44.043Z [ERROR]: Error al crear comentario: Comentario validation failed: texto: Path `texto` is required.
2025-05-20T17:37:44.056Z [ERROR]: Error al obtener comentarios: Fallo simulado
2025-05-20T17:37:45.742Z [ERROR]: Error al actualizar comentario: Error simulado al actualizar
2025-05-20T17:37:47.353Z [ERROR]: Error al eliminar comentario: Error simulado al eliminar
2025-05-20T17:37:50.137Z [ERROR]: Error al obtener usuarios: Error de DB
2025-05-20T17:38:37.701Z [ERROR]: Error al crear reacción: Reaccion validation failed: reaccionId: Path `reaccionId` is required., usuarioId: Path `usuarioId` is required.
2025-05-20T17:38:38.339Z [ERROR]: Error al crear comentario: Comentario validation failed: texto: Path `texto` is required.
2025-05-20T17:38:38.346Z [ERROR]: Error al obtener comentarios: Fallo simulado
2025-05-20T17:38:41.827Z [ERROR]: Error al obtener recursos por usuario: Error simulado
2025-05-20T17:38:48.652Z [ERROR]: Error al obtener usuarios: Error de DB
2025-05-20T17:38:51.234Z [ERROR]: Error al eliminar comentario: Error simulado al eliminar
2025-05-20T17:38:51.926Z [ERROR]: Error al actualizar comentario: Error simulado al actualizar
2025-05-20T17:39:31.952Z [ERROR]: Error al obtener usuarios: Error de DB
2025-05-20T17:39:34.783Z [ERROR]: Error al crear reacción: Reaccion validation failed: reaccionId: Path `reaccionId` is required., usuarioId: Path `usuarioId` is required.
2025-05-20T17:39:41.546Z [ERROR]: Error al obtener recursos por usuario: Error simulado
2025-05-20T17:39:42.508Z [ERROR]: Error al actualizar comentario: Error simulado al actualizar
2025-05-20T17:39:44.225Z [ERROR]: Error al crear comentario: Comentario validation failed: texto: Path `texto` is required.
2025-05-20T17:39:44.235Z [ERROR]: Error al obtener comentarios: Fallo simulado
2025-05-20T17:39:45.814Z [ERROR]: Error al eliminar comentario: Error simulado al eliminar
2025-05-20T17:42:24.044Z [ERROR]: Error al crear comentario: Comentario validation failed: texto: Path `texto` is required.
2025-05-20T17:42:24.065Z [ERROR]: Error al obtener comentarios: Fallo simulado
2025-05-20T17:42:24.944Z [ERROR]: Error al obtener recursos por usuario: Error simulado
2025-05-20T17:42:25.710Z [ERROR]: Error al obtener usuarios: Error de DB
2025-05-20T17:42:27.575Z [ERROR]: Error al crear reacción: Reaccion validation failed: reaccionId: Path `reaccionId` is required., usuarioId: Path `usuarioId` is required.
2025-05-20T17:42:32.525Z [ERROR]: Error al eliminar comentario: Error simulado al eliminar
2025-05-20T17:42:37.829Z [ERROR]: Error al actualizar comentario: Error simulado al actualizar
2025-05-20T22:11:23.367Z [ERROR]: Error al crear comentario: Comentario validation failed: texto: Path `texto` is required.
2025-05-20T22:11:23.387Z [ERROR]: Error al obtener comentarios: Fallo simulado
2025-05-20T22:11:25.501Z [ERROR]: Error al crear reacción: Reaccion validation failed: reaccionId: Path `reaccionId` is required., usuarioId: Path `usuarioId` is required.
2025-05-20T22:11:26.395Z [ERROR]: Error al obtener recursos por usuario: Error simulado
2025-05-20T22:11:28.875Z [ERROR]: Error al obtener usuarios: Error de DB
2025-05-20T22:11:31.237Z [ERROR]: Error al actualizar comentario: Error simulado al actualizar
2025-05-20T22:11:33.164Z [ERROR]: Error al eliminar comentario: Error simulado al eliminar
2025-06-13T22:08:54.269Z [ERROR]: Error al actualizar comentario: Error simulado al actualizar
2025-06-13T22:08:58.587Z [ERROR]: Error al obtener recursos por usuario: Error simulado
2025-06-13T22:08:59.565Z [ERROR]: Error al eliminar comentario: Error simulado al eliminar
2025-06-13T22:09:01.026Z [ERROR]: Error al crear reacción: Reaccion validation failed: reaccionId: Path `reaccionId` is required., usuarioId: Path `usuarioId` is required.
2025-06-13T22:09:01.541Z [ERROR]: Error al crear comentario: Comentario validation failed: texto: Path `texto` is required.
2025-06-13T22:09:01.547Z [ERROR]: Error al obtener comentarios: Fallo simulado
2025-06-13T22:09:03.093Z [ERROR]: Error al obtener usuarios: Error de DB
2025-06-13T22:45:51.987Z [ERROR]: Error al eliminar comentario: Error simulado al eliminar
2025-06-13T22:45:56.524Z [ERROR]: Error al actualizar comentario: Error simulado al actualizar
2025-06-13T22:45:58.159Z [ERROR]: Error al crear comentario: Comentario validation failed: texto: Path `texto` is required.
2025-06-13T22:45:58.165Z [ERROR]: Error al obtener comentarios: Fallo simulado
2025-06-13T22:46:02.158Z [ERROR]: Error al obtener recursos por usuario: Error simulado
2025-06-13T22:46:03.600Z [ERROR]: Error al obtener usuarios: Error de DB
2025-06-13T22:46:05.042Z [ERROR]: Error al crear reacción: Reaccion validation failed: reaccionId: Path `reaccionId` is required., usuarioId: Path `usuarioId` is required.
2025-06-14T00:32:11.170Z [ERROR]: Error al obtener recursos por usuario: Error simulado
2025-06-14T00:32:12.504Z [ERROR]: Error al actualizar comentario: Error simulado al actualizar
2025-06-14T00:32:14.380Z [ERROR]: Error al crear comentario: Comentario validation failed: texto: Path `texto` is required.
2025-06-14T00:32:14.384Z [ERROR]: Error al obtener comentarios: Fallo simulado
2025-06-14T00:32:17.096Z [ERROR]: Error al eliminar comentario: Error simulado al eliminar
2025-06-14T00:32:17.411Z [ERROR]: Error al crear reacción: Reaccion validation failed: reaccionId: Path `reaccionId` is required., usuarioId: Path `usuarioId` is required.
2025-06-14T00:32:18.479Z [ERROR]: Error al obtener usuarios: Error de DB
2025-06-14T00:33:05.052Z [ERROR]: Error al crear reacción: Reaccion validation failed: reaccionId: Path `reaccionId` is required., usuarioId: Path `usuarioId` is required.
2025-06-14T00:33:05.959Z [ERROR]: Error al actualizar comentario: Error simulado al actualizar
2025-06-14T00:33:06.626Z [ERROR]: Error al eliminar comentario: Error simulado al eliminar
2025-06-14T00:33:08.212Z [ERROR]: Error al crear comentario: Comentario validation failed: texto: Path `texto` is required.
2025-06-14T00:33:08.215Z [ERROR]: Error al obtener comentarios: Fallo simulado
2025-06-14T00:33:09.642Z [ERROR]: Error al obtener recursos por usuario: Error simulado
2025-06-14T00:33:10.162Z [ERROR]: Error al obtener usuarios: Error de DB
2025-06-14T00:41:19.761Z [ERROR]: Error al obtener recurso: Cannot read properties of undefined (reading 'findOne')
2025-06-14T00:41:20.008Z [ERROR]: Error al eliminar comentario: Error simulado al eliminar
2025-06-14T00:41:20.658Z [ERROR]: Error al obtener usuarios: Error de DB
2025-06-14T00:41:21.639Z [ERROR]: Error al crear reacción: Reaccion validation failed: reaccionId: Path `reaccionId` is required., usuarioId: Path `usuarioId` is required.
2025-06-14T00:41:21.928Z [ERROR]: Error al actualizar comentario: Error simulado al actualizar
2025-06-14T00:41:22.668Z [ERROR]: Error al crear comentario: Comentario validation failed: texto: Path `texto` is required.
2025-06-14T00:41:22.673Z [ERROR]: Error al obtener comentarios: Fallo simulado
2025-06-14T00:44:27.470Z [ERROR]: Error al crear comentario: Comentario validation failed: texto: Path `texto` is required.
2025-06-14T00:44:27.477Z [ERROR]: Error al obtener comentarios: Fallo simulado
2025-06-14T00:44:28.761Z [ERROR]: Error al actualizar comentario: Error simulado al actualizar
2025-06-14T00:44:30.634Z [ERROR]: Error al obtener recurso: Cannot read properties of undefined (reading 'findOne')
2025-06-14T00:44:34.807Z [ERROR]: Error al crear reacción: Reaccion validation failed: reaccionId: Path `reaccionId` is required., usuarioId: Path `usuarioId` is required.
2025-06-14T00:44:52.543Z [ERROR]: Error al eliminar comentario: Error simulado al eliminar
2025-06-14T00:44:55.785Z [ERROR]: Error al obtener usuarios: Error de DB
2025-06-14T00:46:41.804Z [ERROR]: Error al crear reacción: Reaccion validation failed: reaccionId: Path `reaccionId` is required., usuarioId: Path `usuarioId` is required.
2025-06-14T00:46:42.774Z [ERROR]: Error al eliminar comentario: Error simulado al eliminar
2025-06-14T00:46:43.136Z [ERROR]: Error al obtener recursos por usuario: Error simulado
2025-06-14T00:46:48.562Z [ERROR]: Error al crear comentario: Comentario validation failed: texto: Path `texto` is required.
2025-06-14T00:46:48.566Z [ERROR]: Error al obtener comentarios: Fallo simulado
2025-06-14T00:46:49.842Z [ERROR]: Error al actualizar comentario: Error simulado al actualizar
2025-06-14T00:46:51.263Z [ERROR]: Error al obtener usuarios: Error de DB
2025-06-14T00:48:39.168Z [ERROR]: Error al actualizar comentario: Error simulado al actualizar
2025-06-14T00:48:40.234Z [ERROR]: Error al obtener recursos por usuario: Error simulado
2025-06-14T00:48:40.515Z [ERROR]: Error al crear comentario: Comentario validation failed: texto: Path `texto` is required.
2025-06-14T00:48:40.520Z [ERROR]: Error al obtener comentarios: Fallo simulado
2025-06-14T00:48:41.532Z [ERROR]: Error al crear reacción: Reaccion validation failed: reaccionId: Path `reaccionId` is required., usuarioId: Path `usuarioId` is required.
2025-06-14T00:48:44.092Z [ERROR]: Error al eliminar comentario: Error simulado al eliminar
2025-06-14T00:48:44.681Z [ERROR]: Error al obtener usuarios: Error de DB
2025-06-14T00:51:45.715Z [ERROR]: Error al actualizar comentario: Error simulado al actualizar
2025-06-14T00:51:46.618Z [ERROR]: Error al obtener recursos por usuario: Error simulado
2025-06-14T00:51:46.992Z [ERROR]: Error al eliminar comentario: Error simulado al eliminar
2025-06-14T00:51:50.833Z [ERROR]: Error al crear reacción: Reaccion validation failed: reaccionId: Path `reaccionId` is required., usuarioId: Path `usuarioId` is required.
2025-06-14T00:51:52.026Z [ERROR]: Error al crear comentario: Comentario validation failed: texto: Path `texto` is required.
2025-06-14T00:51:52.031Z [ERROR]: Error al obtener comentarios: Fallo simulado
2025-06-14T00:51:53.828Z [ERROR]: Error al obtener usuarios: Error de DB
2025-06-14T00:54:26.496Z [ERROR]: Error al obtener recursos por usuario: Error simulado
2025-06-14T00:54:28.026Z [ERROR]: Error al actualizar comentario: Error simulado al actualizar
2025-06-14T00:54:29.889Z [ERROR]: Error al eliminar comentario: Error simulado al eliminar
2025-06-14T00:54:32.949Z [ERROR]: Error al crear comentario: Comentario validation failed: texto: Path `texto` is required.
2025-06-14T00:54:32.956Z [ERROR]: Error al obtener comentarios: Fallo simulado
2025-06-14T00:54:35.368Z [ERROR]: Error al obtener usuarios: Error de DB
2025-06-14T00:54:35.802Z [ERROR]: Error al crear reacción: Reaccion validation failed: reaccionId: Path `reaccionId` is required., usuarioId: Path `usuarioId` is required.
2025-06-14T00:55:33.933Z [ERROR]: Error al obtener recursos por usuario: Error simulado
2025-06-14T00:55:35.810Z [ERROR]: Error al crear comentario: Comentario validation failed: texto: Path `texto` is required.
2025-06-14T00:55:35.814Z [ERROR]: Error al obtener comentarios: Fallo simulado
2025-06-14T00:55:38.730Z [ERROR]: Error al actualizar comentario: Error simulado al actualizar
2025-06-14T00:55:39.611Z [ERROR]: Error al crear reacción: Reaccion validation failed: reaccionId: Path `reaccionId` is required., usuarioId: Path `usuarioId` is required.
2025-06-14T00:55:40.987Z [ERROR]: Error al eliminar comentario: Error simulado al eliminar
2025-06-14T00:55:41.572Z [ERROR]: Error al obtener usuarios: Error de DB
2025-06-14T00:58:06.763Z [ERROR]: Error al obtener recursos por usuario: Error simulado
2025-06-14T00:58:07.425Z [ERROR]: Error al eliminar comentario: Error simulado al eliminar
2025-06-14T00:58:08.950Z [ERROR]: Error al crear reacción: Reaccion validation failed: reaccionId: Path `reaccionId` is required., usuarioId: Path `usuarioId` is required.
2025-06-14T00:58:11.061Z [ERROR]: Error al crear comentario: Comentario validation failed: texto: Path `texto` is required.
2025-06-14T00:58:11.065Z [ERROR]: Error al obtener comentarios: Fallo simulado
2025-06-14T00:58:12.279Z [ERROR]: Error al obtener usuarios: Error de DB
2025-06-14T00:58:13.015Z [ERROR]: Error al actualizar comentario: Error simulado al actualizar
2025-06-14T01:02:22.563Z [ERROR]: Error al actualizar comentario: Error simulado al actualizar
2025-06-14T01:02:26.024Z [ERROR]: Error al eliminar comentario: Error simulado al eliminar
2025-06-14T01:02:26.356Z [ERROR]: Error al obtener recursos por usuario: Error simulado
2025-06-14T01:02:26.973Z [ERROR]: Error al crear reacción: Reaccion validation failed: reaccionId: Path `reaccionId` is required., usuarioId: Path `usuarioId` is required.
2025-06-14T01:02:27.543Z [ERROR]: Error al obtener usuarios: Error de DB
2025-06-14T01:02:29.178Z [ERROR]: Error al crear comentario: Comentario validation failed: texto: Path `texto` is required.
2025-06-14T01:02:29.183Z [ERROR]: Error al obtener comentarios: Fallo simulado
2025-06-14T01:05:51.314Z [ERROR]: Error al crear comentario: Comentario validation failed: texto: Path `texto` is required.
2025-06-14T01:05:51.322Z [ERROR]: Error al obtener comentarios: Fallo simulado
2025-06-14T01:05:51.716Z [ERROR]: Error al obtener recursos por usuario: Error simulado
2025-06-14T01:05:52.494Z [ERROR]: Error al actualizar comentario: Error simulado al actualizar
2025-06-14T01:05:54.749Z [ERROR]: Error al eliminar comentario: Error simulado al eliminar
2025-06-14T01:05:56.270Z [ERROR]: Error al obtener usuarios: Error de DB
2025-06-14T01:05:56.881Z [ERROR]: Error al crear reacción: Reaccion validation failed: reaccionId: Path `reaccionId` is required., usuarioId: Path `usuarioId` is required.
2025-06-14T01:07:50.808Z [ERROR]: Error al crear comentario: Comentario validation failed: texto: Path `texto` is required.
2025-06-14T01:07:50.815Z [ERROR]: Error al obtener comentarios: Fallo simulado
2025-06-14T01:07:52.349Z [ERROR]: Error al obtener recursos por usuario: Error simulado
2025-06-14T01:07:52.589Z [ERROR]: Error al actualizar comentario: Error simulado al actualizar
2025-06-14T01:07:53.944Z [ERROR]: Error al eliminar comentario: Error simulado al eliminar
2025-06-14T01:07:54.185Z [ERROR]: Error al crear reacción: Reaccion validation failed: reaccionId: Path `reaccionId` is required., usuarioId: Path `usuarioId` is required.
2025-06-14T01:07:56.561Z [ERROR]: Error al obtener usuarios: Error de DB
2025-06-14T01:09:55.780Z [ERROR]: Error al obtener recursos por usuario: Error simulado
2025-06-14T01:09:56.333Z [ERROR]: Error al crear comentario: Comentario validation failed: texto: Path `texto` is required.
2025-06-14T01:09:56.337Z [ERROR]: Error al obtener comentarios: Fallo simulado
2025-06-14T01:09:56.859Z [ERROR]: Error al eliminar comentario: Error simulado al eliminar
2025-06-14T01:09:59.407Z [ERROR]: Error al actualizar comentario: Error simulado al actualizar
2025-06-14T01:10:00.232Z [ERROR]: Error al crear reacción: Reaccion validation failed: reaccionId: Path `reaccionId` is required., usuarioId: Path `usuarioId` is required.
2025-06-14T01:10:00.982Z [ERROR]: Error al obtener usuarios: Error de DB
2025-06-14T01:14:24.934Z [ERROR]: Error al obtener recursos por usuario: Error simulado
2025-06-14T01:14:27.388Z [ERROR]: Error al crear reacción: Reaccion validation failed: reaccionId: Path `reaccionId` is required., usuarioId: Path `usuarioId` is required.
2025-06-14T01:14:27.634Z [ERROR]: Error al eliminar comentario: Error simulado al eliminar
2025-06-14T01:14:28.140Z [ERROR]: Error al actualizar comentario: Error simulado al actualizar
2025-06-14T01:14:28.669Z [ERROR]: Error al crear comentario: Comentario validation failed: texto: Path `texto` is required.
2025-06-14T01:14:28.672Z [ERROR]: Error al obtener comentarios: Fallo simulado
2025-06-14T01:14:31.183Z [ERROR]: Error al obtener usuarios: Error de DB
2025-06-14T01:15:42.100Z [ERROR]: Error al crear reacción: Reaccion validation failed: reaccionId: Path `reaccionId` is required., usuarioId: Path `usuarioId` is required.
2025-06-14T01:15:42.365Z [ERROR]: Error al obtener recursos por usuario: Error simulado
2025-06-14T01:15:42.634Z [ERROR]: Error al crear comentario: Comentario validation failed: texto: Path `texto` is required.
2025-06-14T01:15:42.638Z [ERROR]: Error al obtener comentarios: Fallo simulado
2025-06-14T01:15:44.463Z [ERROR]: Error al eliminar comentario: Error simulado al eliminar
2025-06-14T01:15:44.982Z [ERROR]: Error al actualizar comentario: Error simulado al actualizar
2025-06-14T01:15:45.706Z [ERROR]: Error al obtener usuarios: Error de DB
2025-06-14T01:17:15.556Z [ERROR]: Error al eliminar comentario: Error simulado al eliminar
2025-06-14T01:17:16.458Z [ERROR]: Error al crear comentario: Comentario validation failed: texto: Path `texto` is required.
2025-06-14T01:17:16.461Z [ERROR]: Error al obtener comentarios: Fallo simulado
2025-06-14T01:17:16.746Z [ERROR]: Error al actualizar comentario: Error simulado al actualizar
2025-06-14T01:17:17.252Z [ERROR]: Error al crear reacción: Reaccion validation failed: reaccionId: Path `reaccionId` is required., usuarioId: Path `usuarioId` is required.
2025-06-14T01:17:17.836Z [ERROR]: Error al obtener recursos por usuario: Error simulado
2025-06-14T01:17:21.633Z [ERROR]: Error al obtener usuarios: Error de DB
2025-06-14T01:18:39.764Z [ERROR]: Error al actualizar comentario: Error simulado al actualizar
2025-06-14T01:18:40.859Z [ERROR]: Error al obtener recursos por usuario: Error simulado
2025-06-14T01:18:41.142Z [ERROR]: Error al eliminar comentario: Error simulado al eliminar
2025-06-14T01:18:43.232Z [ERROR]: Error al crear comentario: Comentario validation failed: texto: Path `texto` is required.
2025-06-14T01:18:43.235Z [ERROR]: Error al obtener comentarios: Fallo simulado
2025-06-14T01:18:43.691Z [ERROR]: Error al crear reacción: Reaccion validation failed: reaccionId: Path `reaccionId` is required., usuarioId: Path `usuarioId` is required.
2025-06-14T01:18:45.160Z [ERROR]: Error al obtener usuarios: Error de DB
2025-06-14T01:20:24.672Z [ERROR]: Error al eliminar comentario: Error simulado al eliminar
2025-06-14T01:20:25.444Z [ERROR]: Error al actualizar comentario: Error simulado al actualizar
2025-06-14T01:20:27.152Z [ERROR]: Error al obtener recursos por usuario: Error simulado
2025-06-14T01:20:28.441Z [ERROR]: Error al crear comentario: Comentario validation failed: texto: Path `texto` is required.
2025-06-14T01:20:28.445Z [ERROR]: Error al obtener comentarios: Fallo simulado
2025-06-14T01:20:29.901Z [ERROR]: Error al crear reacción: Reaccion validation failed: reaccionId: Path `reaccionId` is required., usuarioId: Path `usuarioId` is required.
2025-06-14T01:20:30.094Z [ERROR]: Error al obtener usuarios: Error de DB
2025-06-14T01:21:40.488Z [ERROR]: Error al crear reacción: Reaccion validation failed: reaccionId: Path `reaccionId` is required., usuarioId: Path `usuarioId` is required.
2025-06-14T01:21:43.509Z [ERROR]: Error al obtener recursos por usuario: Error simulado
2025-06-14T01:21:44.512Z [ERROR]: Error al actualizar comentario: Error simulado al actualizar
2025-06-14T01:21:44.756Z [ERROR]: Error al eliminar comentario: Error simulado al eliminar
2025-06-14T01:21:46.238Z [ERROR]: Error al crear comentario: Comentario validation failed: texto: Path `texto` is required.
2025-06-14T01:21:46.242Z [ERROR]: Error al obtener comentarios: Fallo simulado
2025-06-14T01:21:46.487Z [ERROR]: Error al obtener usuarios: Error de DB
2025-06-14T01:23:29.219Z [ERROR]: Error al obtener recursos por usuario: Error simulado
2025-06-14T01:23:31.130Z [ERROR]: Error al crear comentario: Comentario validation failed: texto: Path `texto` is required.
2025-06-14T01:23:31.134Z [ERROR]: Error al obtener comentarios: Fallo simulado
2025-06-14T01:23:31.686Z [ERROR]: Error al eliminar comentario: Error simulado al eliminar
2025-06-14T01:23:32.445Z [ERROR]: Error al actualizar comentario: Error simulado al actualizar
2025-06-14T01:23:33.445Z [ERROR]: Error al obtener usuarios: Error de DB
2025-06-14T01:23:34.702Z [ERROR]: Error al crear reacción: Reaccion validation failed: reaccionId: Path `reaccionId` is required., usuarioId: Path `usuarioId` is required.
2025-06-14T01:24:14.735Z [ERROR]: Error al obtener recursos por usuario: Error simulado
2025-06-14T01:24:15.604Z [ERROR]: Error al crear comentario: Comentario validation failed: texto: Path `texto` is required.
2025-06-14T01:24:15.609Z [ERROR]: Error al obtener comentarios: Fallo simulado
2025-06-14T01:24:16.408Z [ERROR]: Error al actualizar comentario: Error simulado al actualizar
2025-06-14T01:24:17.532Z [ERROR]: Error al crear reacción: Reaccion validation failed: reaccionId: Path `reaccionId` is required., usuarioId: Path `usuarioId` is required.
2025-06-14T01:24:17.782Z [ERROR]: Error al eliminar comentario: Error simulado al eliminar
2025-06-14T01:24:18.312Z [ERROR]: Error al obtener usuarios: Error de DB
2025-06-14T01:27:16.655Z [ERROR]: Error al crear reacción: Reaccion validation failed: reaccionId: Path `reaccionId` is required., usuarioId: Path `usuarioId` is required.
2025-06-14T01:27:18.190Z [ERROR]: Error al actualizar comentario: Error simulado al actualizar
2025-06-14T01:27:18.692Z [ERROR]: Error al obtener usuarios: Error de DB
2025-06-14T01:27:18.961Z [ERROR]: Error al eliminar comentario: Error simulado al eliminar
2025-06-14T01:27:20.169Z [ERROR]: Error al obtener recursos por usuario: Error simulado
2025-06-14T01:27:20.450Z [ERROR]: Error al crear comentario: Comentario validation failed: texto: Path `texto` is required.
2025-06-14T01:27:20.453Z [ERROR]: Error al obtener comentarios: Fallo simulado
2025-06-14T01:32:57.144Z [ERROR]: Error al actualizar comentario: Error simulado al actualizar
2025-06-14T01:32:57.391Z [ERROR]: Error al eliminar comentario: Error simulado al eliminar
2025-06-14T01:32:57.857Z [ERROR]: Error al crear reacción: Reaccion validation failed: reaccionId: Path `reaccionId` is required., usuarioId: Path `usuarioId` is required.
2025-06-14T01:32:58.541Z [ERROR]: Error al crear comentario: Comentario validation failed: texto: Path `texto` is required.
2025-06-14T01:32:58.545Z [ERROR]: Error al obtener comentarios: Fallo simulado
2025-06-14T01:33:00.654Z [ERROR]: Error al obtener recursos por usuario: Error simulado
2025-06-14T01:33:02.357Z [ERROR]: Error al obtener usuarios: Error de DB
2025-06-14T01:34:18.636Z [ERROR]: Error al obtener recursos por usuario: Error simulado
2025-06-14T01:34:23.123Z [ERROR]: Error al actualizar comentario: Error simulado al actualizar
2025-06-14T01:34:23.363Z [ERROR]: Error al eliminar comentario: Error simulado al eliminar
2025-06-14T01:34:25.044Z [ERROR]: Error al obtener usuarios: Error de DB
2025-06-14T01:34:25.327Z [ERROR]: Error al crear comentario: Comentario validation failed: texto: Path `texto` is required.
2025-06-14T01:34:25.330Z [ERROR]: Error al obtener comentarios: Fallo simulado
2025-06-14T01:34:25.582Z [ERROR]: Error al crear reacción: Reaccion validation failed: reaccionId: Path `reaccionId` is required., usuarioId: Path `usuarioId` is required.
2025-06-14T01:36:27.499Z [ERROR]: Error al crear comentario: Comentario validation failed: texto: Path `texto` is required.
2025-06-14T01:36:27.506Z [ERROR]: Error al obtener comentarios: Fallo simulado
2025-06-14T01:36:30.232Z [ERROR]: Error al obtener recursos por usuario: Error simulado
2025-06-14T01:36:32.874Z [ERROR]: Error al crear reacción: Reaccion validation failed: reaccionId: Path `reaccionId` is required., usuarioId: Path `usuarioId` is required.
2025-06-14T01:36:33.125Z [ERROR]: Error al eliminar comentario: Error simulado al eliminar
2025-06-14T01:36:33.472Z [ERROR]: Error al actualizar comentario: Error simulado al actualizar
2025-06-14T01:36:34.849Z [ERROR]: Error al obtener usuarios: Error de DB
2025-06-14T01:38:33.410Z [ERROR]: Error al actualizar comentario: Error simulado al actualizar
2025-06-14T01:38:35.328Z [ERROR]: Error al obtener recursos por usuario: Error simulado
2025-06-14T01:38:36.161Z [ERROR]: Error al crear reacción: Reaccion validation failed: reaccionId: Path `reaccionId` is required., usuarioId: Path `usuarioId` is required.
2025-06-14T01:38:38.863Z [ERROR]: Error al eliminar comentario: Error simulado al eliminar
2025-06-14T01:38:39.576Z [ERROR]: Error al obtener usuarios: Error de DB
2025-06-14T01:38:39.787Z [ERROR]: Error al crear comentario: Comentario validation failed: texto: Path `texto` is required.
2025-06-14T01:38:39.790Z [ERROR]: Error al obtener comentarios: Fallo simulado
2025-06-15T10:31:13.797Z [ERROR]: Error al crear reacción: Reaccion validation failed: reaccionId: Path `reaccionId` is required., usuarioId: Path `usuarioId` is required.
2025-06-15T10:31:14.042Z [ERROR]: Error al eliminar comentario: Error simulado al eliminar
2025-06-15T10:31:14.825Z [ERROR]: Error al crear comentario: Comentario validation failed: texto: Path `texto` is required.
2025-06-15T10:31:14.828Z [ERROR]: Error al obtener comentarios: Fallo simulado
2025-06-15T10:31:15.301Z [ERROR]: Error al actualizar comentario: Error simulado al actualizar
2025-06-15T10:31:15.481Z [ERROR]: Error al obtener usuarios: Error de DB
2025-06-15T10:31:15.724Z [ERROR]: Error al obtener recursos por usuario: Error simulado
2025-06-16T04:29:43.601Z [ERROR]: Error al crear reacción: Reaccion validation failed: reaccionId: Path `reaccionId` is required., usuarioId: Path `usuarioId` is required.
2025-06-16T04:29:44.384Z [ERROR]: Error al eliminar comentario: Error simulado al eliminar
2025-06-16T04:29:44.826Z [ERROR]: Error al actualizar comentario: Error simulado al actualizar
2025-06-16T04:29:47.077Z [ERROR]: Error al obtener recursos por usuario: Error simulado
2025-06-16T04:29:47.884Z [ERROR]: Error al crear comentario: Comentario validation failed: texto: Path `texto` is required.
2025-06-16T04:29:47.889Z [ERROR]: Error al obtener comentarios: Fallo simulado
2025-06-16T04:29:50.489Z [ERROR]: Error al obtener usuarios: Error de DB
2025-06-16T04:30:24.955Z [ERROR]: Error al obtener usuarios: Error de DB
2025-06-16T04:30:28.505Z [ERROR]: Error al crear reacción: Reaccion validation failed: reaccionId: Path `reaccionId` is required., usuarioId: Path `usuarioId` is required.
2025-06-16T04:30:29.754Z [ERROR]: Error al crear comentario: Comentario validation failed: texto: Path `texto` is required.
2025-06-16T04:30:29.768Z [ERROR]: Error al obtener comentarios: Fallo simulado
2025-06-16T04:33:20.305Z [ERROR]: Error al obtener recursos por usuario: Error simulado
2025-06-16T04:33:21.389Z [ERROR]: Error al obtener usuarios: Error de DB
2025-06-16T04:33:22.182Z [ERROR]: Error al eliminar comentario: Error simulado al eliminar
2025-06-16T04:33:23.034Z [ERROR]: Error al actualizar comentario: Error simulado al actualizar
2025-06-16T04:33:24.850Z [ERROR]: Error al crear comentario: Comentario validation failed: texto: Path `texto` is required.
2025-06-16T04:33:24.896Z [ERROR]: Error al obtener comentarios: Fallo simulado
2025-06-16T04:33:24.903Z [ERROR]: Error al crear reacción: Reaccion validation failed: reaccionId: Path `reaccionId` is required., usuarioId: Path `usuarioId` is required.
2025-06-16T04:42:27.503Z [ERROR]: Error al crear reacción: Reaccion validation failed: reaccionId: Path `reaccionId` is required., usuarioId: Path `usuarioId` is required.
2025-06-16T04:42:27.726Z [ERROR]: Error al crear comentario: Comentario validation failed: comentarioId: Path `comentarioId` is required.
2025-06-16T04:42:27.737Z [ERROR]: Error al crear comentario: Comentario validation failed: comentarioId: Path `comentarioId` is required., texto: Path `texto` is required.
2025-06-16T04:42:27.743Z [ERROR]: Error al obtener comentarios: Fallo simulado
2025-06-16T04:42:29.275Z [ERROR]: Error al actualizar comentario: Error simulado al actualizar
2025-06-16T04:42:31.137Z [ERROR]: Error al eliminar comentario: Error simulado al eliminar
2025-06-16T04:42:33.020Z [ERROR]: Error al obtener recursos por usuario: Error simulado
2025-06-16T04:42:38.797Z [ERROR]: Error al obtener usuarios: Error de DB
2025-06-16T05:36:40.805Z [ERROR]: Error al crear comentario: Comentario validation failed: texto: Path `texto` is required.
2025-06-16T05:36:40.821Z [ERROR]: Error al crear comentario: E11000 duplicate key error collection: teamexodb_test.comentarios index: comentarioId_1 dup key: { comentarioId: null }
2025-06-16T05:36:40.828Z [ERROR]: Error al crear comentario: E11000 duplicate key error collection: teamexodb_test.comentarios index: comentarioId_1 dup key: { comentarioId: null }
2025-06-16T05:36:40.833Z [ERROR]: Error al crear comentario: Comentario validation failed: publicacionId: Path `publicacionId` is required.
2025-06-16T05:36:40.840Z [ERROR]: Error al crear comentario: Comentario validation failed: usuarioId: Path `usuarioId` is required.
2025-06-16T05:38:03.877Z [ERROR]: Error al crear comentario: Comentario validation failed: texto: Path `texto` is required.
2025-06-16T05:38:03.887Z [ERROR]: Error al crear comentario: E11000 duplicate key error collection: teamexodb_test.comentarios index: comentarioId_1 dup key: { comentarioId: null }
2025-06-16T05:38:03.893Z [ERROR]: Error al crear comentario: E11000 duplicate key error collection: teamexodb_test.comentarios index: comentarioId_1 dup key: { comentarioId: null }
2025-06-16T05:38:03.900Z [ERROR]: Error al crear comentario: Comentario validation failed: publicacionId: Path `publicacionId` is required.
2025-06-16T05:38:03.903Z [ERROR]: Error al crear comentario: Comentario validation failed: usuarioId: Path `usuarioId` is required.
2025-06-16T05:39:10.698Z [ERROR]: Error al crear comentario: Comentario validation failed: texto: Path `texto` is required.
2025-06-16T05:39:10.707Z [ERROR]: Error al crear comentario: E11000 duplicate key error collection: teamexodb_test.comentarios index: comentarioId_1 dup key: { comentarioId: null }
2025-06-16T05:39:10.712Z [ERROR]: Error al crear comentario: E11000 duplicate key error collection: teamexodb_test.comentarios index: comentarioId_1 dup key: { comentarioId: null }
2025-06-16T05:39:10.716Z [ERROR]: Error al crear comentario: Comentario validation failed: publicacionId: Path `publicacionId` is required.
2025-06-16T05:39:10.719Z [ERROR]: Error al crear comentario: Comentario validation failed: usuarioId: Path `usuarioId` is required.
2025-06-16T05:39:30.784Z [ERROR]: Error al crear comentario: Comentario validation failed: texto: Path `texto` is required.
2025-06-16T05:39:30.803Z [ERROR]: Error al crear comentario: E11000 duplicate key error collection: teamexodb_test.comentarios index: comentarioId_1 dup key: { comentarioId: null }
2025-06-16T05:39:30.813Z [ERROR]: Error al crear comentario: E11000 duplicate key error collection: teamexodb_test.comentarios index: comentarioId_1 dup key: { comentarioId: null }
2025-06-16T05:39:30.821Z [ERROR]: Error al crear comentario: Comentario validation failed: publicacionId: Path `publicacionId` is required.
2025-06-16T05:39:30.827Z [ERROR]: Error al crear comentario: Comentario validation failed: usuarioId: Path `usuarioId` is required.
2025-06-16T05:39:36.562Z [ERROR]: Error al obtener recursos por usuario: Error simulado
2025-06-16T05:39:38.875Z [ERROR]: Error al eliminar comentario: Error simulado al eliminar
2025-06-16T05:39:41.278Z [ERROR]: Error al crear reacción: Reaccion validation failed: reaccionId: Path `reaccionId` is required., usuarioId: Path `usuarioId` is required.
2025-06-16T05:39:41.733Z [ERROR]: Error al actualizar comentario: Error simulado al actualizar
2025-06-16T05:39:43.679Z [ERROR]: Error al obtener usuarios: Error de DB
